<?xml version="1.0" encoding="UTF-8"?>
<!-- Generated by org.testng.reporters.JUnitReportReporter -->
<testsuite hostname="LenkoPC" name="com.example.tests.ContactCreationTests" tests="2" failures="0" timestamp="29 Jun 2014 20:43:14 GMT" time="6.386" errors="0">
  <testcase name="testEmptyContactCreation" time="2.706" classname="com.example.tests.ContactCreationTests"/>
  <testcase name="testNonEmptyContactCreation" time="3.680" classname="com.example.tests.ContactCreationTests"/>
</testsuite> <!-- com.example.tests.ContactCreationTests -->
