<?xml version="1.0" encoding="UTF-8"?>
<!-- Generated by org.testng.reporters.JUnitReportReporter -->
<testsuite hostname="LenkoPC" name="com.example.tests.GroupCreationTests" tests="2" failures="0" timestamp="23 Jun 2014 19:30:53 GMT" time="3.175" errors="0">
  <testcase name="testEmptyGroupCreation" time="1.514" classname="com.example.tests.GroupCreationTests"/>
  <testcase name="testNonEmptyGroupCreation" time="1.661" classname="com.example.tests.GroupCreationTests"/>
</testsuite> <!-- com.example.tests.GroupCreationTests -->
