<?xml version="1.0" encoding="UTF-8"?>
<!-- Generated by org.testng.reporters.JUnitReportReporter -->
<testsuite hostname="LenkoPC" name="com.example.tests.GroupCreationTests" tests="2" failures="0" timestamp="6 Jul 2014 19:24:17 GMT" time="3.785" errors="0">
  <testcase name="testEmptyGroupCreation" time="2.099" classname="com.example.tests.GroupCreationTests"/>
  <testcase name="testNonEmptyGroupCreation" time="1.686" classname="com.example.tests.GroupCreationTests"/>
</testsuite> <!-- com.example.tests.GroupCreationTests -->
