<?xml version="1.0" encoding="UTF-8"?>
<!-- Generated by org.testng.reporters.JUnitReportReporter -->
<testsuite hostname="LenkoPC" name="com.example.tests.AlsoGroupCreationTests" tests="2" failures="0" timestamp="23 Jun 2014 19:30:53 GMT" time="3.427" errors="0">
  <testcase name="testEmptyGroupCreation" time="1.679" classname="com.example.tests.AlsoGroupCreationTests"/>
  <testcase name="testNonEmptyGroupCreation" time="1.748" classname="com.example.tests.AlsoGroupCreationTests"/>
</testsuite> <!-- com.example.tests.AlsoGroupCreationTests -->
