<?xml version="1.0" encoding="UTF-8"?>
<!-- Generated by org.testng.reporters.JUnitReportReporter -->
<testsuite hostname="LenkoPC" name="com.example.tests.GroupCreationTests" tests="2" failures="0" timestamp="29 Jun 2014 20:43:14 GMT" time="3.414" errors="0">
  <testcase name="testEmptyGroupCreation" time="1.740" classname="com.example.tests.GroupCreationTests"/>
  <testcase name="testNonEmptyGroupCreation" time="1.674" classname="com.example.tests.GroupCreationTests"/>
</testsuite> <!-- com.example.tests.GroupCreationTests -->
