<?xml version="1.0" encoding="UTF-8"?>
<!-- Generated by org.testng.reporters.JUnitReportReporter -->
<testsuite hostname="LenkoPC" name="com.example.tests.GroupRemovalTests" tests="1" failures="0" timestamp="6 Jul 2014 20:53:54 GMT" time="1.259" errors="0">
  <testcase name="deleteSomeGroup" time="1.259" classname="com.example.tests.GroupRemovalTests"/>
</testsuite> <!-- com.example.tests.GroupRemovalTests -->
