<?xml version="1.0" encoding="UTF-8"?>
<!-- Generated by org.testng.reporters.JUnitReportReporter -->
<testsuite hostname="LenkoPC" name="com.example.tests.GroupModificationTests" tests="1" failures="0" timestamp="6 Jul 2014 21:09:32 GMT" time="1.928" errors="0">
  <testcase name="modifySomeGroup" time="1.928" classname="com.example.tests.GroupModificationTests"/>
</testsuite> <!-- com.example.tests.GroupModificationTests -->
