<?xml version="1.0" encoding="UTF-8"?>
<!-- Generated by org.testng.reporters.JUnitReportReporter -->
<testsuite hostname="LenkoPC" name="com.example.tests.AlsoGroupCreationTests" tests="2" failures="0" timestamp="29 Jun 2014 08:40:05 GMT" time="3.671" errors="0">
  <testcase name="testEmptyGroupCreation" time="2.125" classname="com.example.tests.AlsoGroupCreationTests"/>
  <testcase name="testNonEmptyGroupCreation" time="1.546" classname="com.example.tests.AlsoGroupCreationTests"/>
</testsuite> <!-- com.example.tests.AlsoGroupCreationTests -->
